

[2016/8/23 10:55:00]
ORA-00933: SQL 命令未正确结束


[2016/8/23 17:29:43]
在与 SQL Server 建立连接时出现与网络相关的或特定于实例的错误。未找到或无法访问服务器。请验证实例名称是否正确并且 SQL Server 已配置为允许远程连接。 (provider: Named Pipes Provider, error: 40 - 无法打开到 SQL Server 的连接)


[2016/8/23 17:32:02]
在与 SQL Server 建立连接时出现与网络相关的或特定于实例的错误。未找到或无法访问服务器。请验证实例名称是否正确并且 SQL Server 已配置为允许远程连接。 (provider: Named Pipes Provider, error: 40 - 无法打开到 SQL Server 的连接)


[2016/8/23 17:34:20]
在与 SQL Server 建立连接时出现与网络相关的或特定于实例的错误。未找到或无法访问服务器。请验证实例名称是否正确并且 SQL Server 已配置为允许远程连接。 (provider: Named Pipes Provider, error: 40 - 无法打开到 SQL Server 的连接)


[2016/8/23 18:00:27]
无法打开登录所请求的数据库 "JS_shuiwen111"。登录失败。
用户 'aq' 登录失败。


[2016/8/23 18:00:27]
无法打开登录所请求的数据库 "JS_shuiwen111"。登录失败。
用户 'aq' 登录失败。


[2016/8/23 18:00:27]
无法打开登录所请求的数据库 "JS_shuiwen111"。登录失败。
用户 'aq' 登录失败。


[2016/8/23 18:00:27]
无法打开登录所请求的数据库 "JS_shuiwen111"。登录失败。
用户 'aq' 登录失败。


[2016/8/23 18:01:00]
无法打开登录所请求的数据库 "JS_shuiwen111"。登录失败。
用户 'aq' 登录失败。


[2016/8/23 18:01:00]
无法打开登录所请求的数据库 "JS_shuiwen111"。登录失败。
用户 'aq' 登录失败。


[2016/8/23 18:01:00]
无法打开登录所请求的数据库 "JS_shuiwen111"。登录失败。
用户 'aq' 登录失败。


[2016/8/23 18:01:00]
无法打开登录所请求的数据库 "JS_shuiwen111"。登录失败。
用户 'aq' 登录失败。


[2016/8/23 18:02:35]
无法打开登录所请求的数据库 "JS_shuiwen111"。登录失败。
用户 'aq' 登录失败。


[2016/8/23 18:02:35]
无法打开登录所请求的数据库 "JS_shuiwen111"。登录失败。
用户 'aq' 登录失败。


[2016/8/23 18:02:35]
无法打开登录所请求的数据库 "JS_shuiwen111"。登录失败。
用户 'aq' 登录失败。


[2016/8/23 18:02:35]
无法打开登录所请求的数据库 "JS_shuiwen111"。登录失败。
用户 'aq' 登录失败。


[2016/8/23 18:03:04]
无法打开登录所请求的数据库 "JS_shuiwen111"。登录失败。
用户 'aq' 登录失败。


[2016/8/23 18:03:04]
无法打开登录所请求的数据库 "JS_shuiwen111"。登录失败。
用户 'aq' 登录失败。


[2016/8/23 18:03:04]
无法打开登录所请求的数据库 "JS_shuiwen111"。登录失败。
用户 'aq' 登录失败。


[2016/8/23 18:03:04]
无法打开登录所请求的数据库 "JS_shuiwen111"。登录失败。
用户 'aq' 登录失败。


[2016/8/23 18:03:15]
无法打开登录所请求的数据库 "JS_shuiwen111"。登录失败。
用户 'aq' 登录失败。


[2016/8/23 18:03:15]
无法打开登录所请求的数据库 "JS_shuiwen111"。登录失败。
用户 'aq' 登录失败。


[2016/8/23 18:03:15]
无法打开登录所请求的数据库 "JS_shuiwen111"。登录失败。
用户 'aq' 登录失败。


[2016/8/23 18:03:15]
无法打开登录所请求的数据库 "JS_shuiwen111"。登录失败。
用户 'aq' 登录失败。
