

[2016/8/10 12:14:01]
站号：1   监测项：S3.Voltage   监测时间：2016/8/10 11:20:00   监测值：13.5-----失败


[2016/8/10 12:42:03]
站号：1   监测项：S3.Voltage   监测时间：2016/8/10 11:20:00   监测值：13.5-----失败


[2016/8/10 12:47:06]
站号：1   监测项：S3.Voltage   监测时间：2016/8/10 11:20:00   监测值：13.5-----失败


[2016/8/10 12:47:07]
站号：1   监测项：S3.Stage   监测时间：2016/8/10 11:20:00   监测值：4.56-----失败


[2016/8/10 12:47:07]
站号：1   监测项：S3.Speed   监测时间：2016/8/10 11:20:00   监测值：0-----失败


[2016/8/10 12:47:07]
站号：1   监测项：S3.Voltage   监测时间：2016/8/10 11:20:00   监测值：13.5-----失败


[2016/8/10 12:47:07]
站号：1   监测项：S3.Voltage   监测时间：2016/8/10 11:20:00   监测值：13.5-----失败


[2016/8/10 12:47:07]
站号：1   监测项：S3.1#Speed   监测时间：2016/8/10 11:20:00   监测值：0.56-----失败


[2016/8/10 12:47:07]
站号：1   监测项：S3.1#SNR   监测时间：2016/8/10 11:20:00   监测值：0.84-----失败


[2016/8/10 12:47:07]
站号：1   监测项：S3.2#Speed   监测时间：2016/8/10 11:20:00   监测值：0.78-----失败


[2016/8/10 12:47:07]
站号：1   监测项：S3.2#SNR   监测时间：2016/8/10 11:20:00   监测值：0.9-----失败


[2016/8/10 12:47:08]
站号：1   监测项：S3.3#Speed   监测时间：2016/8/10 11:20:00   监测值：0.62-----失败


[2016/8/10 12:47:08]
站号：1   监测项：S3.3#SNR   监测时间：2016/8/10 11:20:00   监测值：0.92-----失败


[2016/8/10 12:47:17]
站号：1   监测项：S3.Stage   监测时间：2016/8/10 11:20:00   监测值：4.56-----失败


[2016/8/10 12:47:17]
站号：1   监测项：S3.Stage   监测时间：2016/8/10 11:20:00   监测值：4.56-----失败


[2016/8/10 12:52:07]
站号：1   监测项：S3.Voltage   监测时间：2016/8/10 11:20:00   监测值：13.5-----失败


[2016/8/10 12:52:08]
站号：1   监测项：S3.Stage   监测时间：2016/8/10 11:20:00   监测值：4.56-----失败


[2016/8/10 12:52:08]
站号：1   监测项：S3.Speed   监测时间：2016/8/10 11:20:00   监测值：0.56-----失败


[2016/8/10 12:52:08]
站号：1   监测项：S3.1#Speed   监测时间：2016/8/10 11:20:00   监测值：0.56-----失败


[2016/8/10 12:52:08]
站号：1   监测项：S3.1#SNR   监测时间：2016/8/10 11:20:00   监测值：0.84-----失败


[2016/8/10 12:52:09]
站号：1   监测项：S3.2#Speed   监测时间：2016/8/10 11:20:00   监测值：0.78-----失败


[2016/8/10 12:52:09]
站号：1   监测项：S3.2#SNR   监测时间：2016/8/10 11:20:00   监测值：0.9-----失败


[2016/8/10 12:52:09]
站号：1   监测项：S3.3#Speed   监测时间：2016/8/10 11:20:00   监测值：0.62-----失败


[2016/8/10 12:52:10]
站号：1   监测项：S3.3#SNR   监测时间：2016/8/10 11:20:00   监测值：0.92-----失败


[2016/8/10 13:17:21]
站号：1   监测项：S3.Voltage   监测时间：2016/8/10 11:20:00   监测值：13.5-----失败


[2016/8/10 13:17:22]
站号：1   监测项：S3.Stage   监测时间：2016/8/10 11:20:00   监测值：4.56-----失败


[2016/8/10 13:17:22]
站号：1   监测项：S3.Speed   监测时间：2016/8/10 11:20:00   监测值：0.56-----失败


[2016/8/10 13:17:22]
站号：1   监测项：S3.1#Speed   监测时间：2016/8/10 11:20:00   监测值：0.56-----失败


[2016/8/10 13:17:22]
站号：1   监测项：S3.1#SNR   监测时间：2016/8/10 11:20:00   监测值：0.84-----失败


[2016/8/10 13:17:23]
站号：1   监测项：S3.2#Speed   监测时间：2016/8/10 11:20:00   监测值：0.78-----失败


[2016/8/10 13:17:23]
站号：1   监测项：S3.2#SNR   监测时间：2016/8/10 11:20:00   监测值：0.9-----失败


[2016/8/10 13:17:23]
站号：1   监测项：S3.3#Speed   监测时间：2016/8/10 11:20:00   监测值：0.62-----失败


[2016/8/10 13:17:23]
站号：1   监测项：S3.3#SNR   监测时间：2016/8/10 11:20:00   监测值：0.92-----失败


[2016/8/10 13:17:26]
站号：1   监测项：S3.Voltage   监测时间：2016/8/10 11:20:00   监测值：13.5-----失败


[2016/8/10 13:17:26]
站号：1   监测项：S3.Voltage   监测时间：2016/8/10 11:20:00   监测值：13.5-----失败


[2016/8/10 13:17:36]
站号：1   监测项：S3.Stage   监测时间：2016/8/10 11:20:00   监测值：4.56-----失败


[2016/8/10 13:17:36]
站号：1   监测项：S3.Stage   监测时间：2016/8/10 11:20:00   监测值：4.56-----失败


[2016/8/10 13:17:46]
站号：1   监测项：S3.Speed   监测时间：2016/8/10 11:20:00   监测值：0.56-----失败


[2016/8/10 13:17:46]
站号：1   监测项：S3.Speed   监测时间：2016/8/10 11:20:00   监测值：0.56-----失败


[2016/8/10 13:17:56]
站号：1   监测项：S3.1#Speed   监测时间：2016/8/10 11:20:00   监测值：0.56-----失败


[2016/8/10 13:17:56]
站号：1   监测项：S3.1#Speed   监测时间：2016/8/10 11:20:00   监测值：0.56-----失败


[2016/8/10 13:18:06]
站号：1   监测项：S3.1#SNR   监测时间：2016/8/10 11:20:00   监测值：0.84-----失败


[2016/8/10 13:18:06]
站号：1   监测项：S3.1#SNR   监测时间：2016/8/10 11:20:00   监测值：0.84-----失败


[2016/8/10 13:18:16]
站号：1   监测项：S3.2#Speed   监测时间：2016/8/10 11:20:00   监测值：0.78-----失败


[2016/8/10 13:18:16]
站号：1   监测项：S3.2#Speed   监测时间：2016/8/10 11:20:00   监测值：0.78-----失败


[2016/8/10 13:18:26]
站号：1   监测项：S3.2#SNR   监测时间：2016/8/10 11:20:00   监测值：0.9-----失败


[2016/8/10 13:18:26]
站号：1   监测项：S3.2#SNR   监测时间：2016/8/10 11:20:00   监测值：0.9-----失败


[2016/8/10 13:18:36]
站号：1   监测项：S3.3#Speed   监测时间：2016/8/10 11:20:00   监测值：0.62-----失败


[2016/8/10 13:18:36]
站号：1   监测项：S3.3#Speed   监测时间：2016/8/10 11:20:00   监测值：0.62-----失败


[2016/8/10 13:18:46]
站号：1   监测项：S3.3#SNR   监测时间：2016/8/10 11:20:00   监测值：0.92-----失败


[2016/8/10 13:18:46]
站号：1   监测项：S3.3#SNR   监测时间：2016/8/10 11:20:00   监测值：0.92-----失败


[2016/8/10 13:18:56]
站号：1   监测项：S3.Voltage   监测时间：2016/8/10 11:20:00   监测值：13.5-----失败


[2016/8/10 13:18:56]
站号：1   监测项：S3.Voltage   监测时间：2016/8/10 11:20:00   监测值：13.5-----失败


[2016/8/10 13:19:06]
站号：1   监测项：S3.Voltage   监测时间：2016/8/10 11:20:00   监测值：13.5-----失败


[2016/8/10 13:19:06]
站号：1   监测项：S3.Voltage   监测时间：2016/8/10 11:20:00   监测值：13.5-----失败


[2016/8/10 13:19:16]
站号：1   监测项：S3.Stage   监测时间：2016/8/10 11:20:00   监测值：4.56-----失败


[2016/8/10 13:19:16]
站号：1   监测项：S3.Stage   监测时间：2016/8/10 11:20:00   监测值：4.56-----失败


[2016/8/10 13:19:26]
站号：1   监测项：S3.Stage   监测时间：2016/8/10 11:20:00   监测值：4.56-----失败


[2016/8/10 13:19:26]
站号：1   监测项：S3.Stage   监测时间：2016/8/10 11:20:00   监测值：4.56-----失败


[2016/8/10 13:19:36]
站号：1   监测项：S3.Speed   监测时间：2016/8/10 11:20:00   监测值：0.56-----失败


[2016/8/10 13:19:36]
站号：1   监测项：S3.Speed   监测时间：2016/8/10 11:20:00   监测值：0.56-----失败


[2016/8/10 13:19:46]
站号：1   监测项：S3.Speed   监测时间：2016/8/10 11:20:00   监测值：0.56-----失败


[2016/8/10 13:19:46]
站号：1   监测项：S3.Speed   监测时间：2016/8/10 11:20:00   监测值：0.56-----失败


[2016/8/10 13:19:56]
站号：1   监测项：S3.1#Speed   监测时间：2016/8/10 11:20:00   监测值：0.56-----失败


[2016/8/10 13:19:56]
站号：1   监测项：S3.1#Speed   监测时间：2016/8/10 11:20:00   监测值：0.56-----失败


[2016/8/10 13:20:06]
站号：1   监测项：S3.1#Speed   监测时间：2016/8/10 11:20:00   监测值：0.56-----失败


[2016/8/10 13:20:06]
站号：1   监测项：S3.1#Speed   监测时间：2016/8/10 11:20:00   监测值：0.56-----失败


[2016/8/10 13:20:16]
站号：1   监测项：S3.1#SNR   监测时间：2016/8/10 11:20:00   监测值：0.84-----失败


[2016/8/10 13:20:16]
站号：1   监测项：S3.1#SNR   监测时间：2016/8/10 11:20:00   监测值：0.84-----失败


[2016/8/10 13:20:26]
站号：1   监测项：S3.1#SNR   监测时间：2016/8/10 11:20:00   监测值：0.84-----失败


[2016/8/10 13:20:26]
站号：1   监测项：S3.1#SNR   监测时间：2016/8/10 11:20:00   监测值：0.84-----失败


[2016/8/10 13:20:36]
站号：1   监测项：S3.2#Speed   监测时间：2016/8/10 11:20:00   监测值：0.78-----失败


[2016/8/10 13:20:36]
站号：1   监测项：S3.2#Speed   监测时间：2016/8/10 11:20:00   监测值：0.78-----失败


[2016/8/10 13:20:46]
站号：1   监测项：S3.2#Speed   监测时间：2016/8/10 11:20:00   监测值：0.78-----失败


[2016/8/10 13:20:46]
站号：1   监测项：S3.2#Speed   监测时间：2016/8/10 11:20:00   监测值：0.78-----失败


[2016/8/10 13:20:56]
站号：1   监测项：S3.2#SNR   监测时间：2016/8/10 11:20:00   监测值：0.9-----失败


[2016/8/10 13:20:56]
站号：1   监测项：S3.2#SNR   监测时间：2016/8/10 11:20:00   监测值：0.9-----失败


[2016/8/10 13:21:06]
站号：1   监测项：S3.2#SNR   监测时间：2016/8/10 11:20:00   监测值：0.9-----失败


[2016/8/10 13:21:06]
站号：1   监测项：S3.2#SNR   监测时间：2016/8/10 11:20:00   监测值：0.9-----失败


[2016/8/10 13:21:16]
站号：1   监测项：S3.3#Speed   监测时间：2016/8/10 11:20:00   监测值：0.62-----失败


[2016/8/10 13:21:16]
站号：1   监测项：S3.3#Speed   监测时间：2016/8/10 11:20:00   监测值：0.62-----失败


[2016/8/10 13:21:26]
站号：1   监测项：S3.3#Speed   监测时间：2016/8/10 11:20:00   监测值：0.62-----失败


[2016/8/10 13:21:26]
站号：1   监测项：S3.3#Speed   监测时间：2016/8/10 11:20:00   监测值：0.62-----失败


[2016/8/10 13:21:36]
站号：1   监测项：S3.3#SNR   监测时间：2016/8/10 11:20:00   监测值：0.92-----失败


[2016/8/10 13:21:36]
站号：1   监测项：S3.3#SNR   监测时间：2016/8/10 11:20:00   监测值：0.92-----失败


[2016/8/10 13:21:47]
站号：1   监测项：S3.3#SNR   监测时间：2016/8/10 11:20:00   监测值：0.92-----失败


[2016/8/10 13:21:47]
站号：1   监测项：S3.3#SNR   监测时间：2016/8/10 11:20:00   监测值：0.92-----失败


[2016/8/10 13:21:57]
站号：1   监测项：S3.Voltage   监测时间：2016/8/10 11:20:00   监测值：13.5-----失败


[2016/8/10 13:21:57]
站号：1   监测项：S3.Voltage   监测时间：2016/8/10 11:20:00   监测值：13.5-----失败


[2016/8/10 13:22:07]
站号：1   监测项：S3.Voltage   监测时间：2016/8/10 11:20:00   监测值：13.5-----失败


[2016/8/10 13:22:07]
站号：1   监测项：S3.Voltage   监测时间：2016/8/10 11:20:00   监测值：13.5-----放弃


[2016/8/10 13:22:17]
站号：1   监测项：S3.Voltage   监测时间：2016/8/10 11:20:00   监测值：13.5-----失败


[2016/8/10 13:22:17]
站号：1   监测项：S3.Voltage   监测时间：2016/8/10 11:20:00   监测值：13.5-----放弃


[2016/8/10 13:22:27]
站号：1   监测项：S3.Voltage   监测时间：2016/8/10 11:20:00   监测值：13.5-----失败


[2016/8/10 13:22:27]
站号：1   监测项：S3.Voltage   监测时间：2016/8/10 11:20:00   监测值：13.5-----放弃


[2016/8/10 13:22:37]
站号：1   监测项：S3.Stage   监测时间：2016/8/10 11:20:00   监测值：4.56-----失败


[2016/8/10 13:22:37]
站号：1   监测项：S3.Stage   监测时间：2016/8/10 11:20:00   监测值：4.56-----失败


[2016/8/10 13:22:47]
站号：1   监测项：S3.Stage   监测时间：2016/8/10 11:20:00   监测值：4.56-----失败


[2016/8/10 13:22:47]
站号：1   监测项：S3.Stage   监测时间：2016/8/10 11:20:00   监测值：4.56-----放弃


[2016/8/10 13:22:57]
站号：1   监测项：S3.Stage   监测时间：2016/8/10 11:20:00   监测值：4.56-----失败


[2016/8/10 13:22:57]
站号：1   监测项：S3.Stage   监测时间：2016/8/10 11:20:00   监测值：4.56-----放弃


[2016/8/10 13:23:07]
站号：1   监测项：S3.Stage   监测时间：2016/8/10 11:20:00   监测值：4.56-----失败


[2016/8/10 13:23:07]
站号：1   监测项：S3.Stage   监测时间：2016/8/10 11:20:00   监测值：4.56-----放弃


[2016/8/10 13:23:17]
站号：1   监测项：S3.Speed   监测时间：2016/8/10 11:20:00   监测值：0.56-----失败


[2016/8/10 13:23:17]
站号：1   监测项：S3.Speed   监测时间：2016/8/10 11:20:00   监测值：0.56-----失败


[2016/8/10 13:23:27]
站号：1   监测项：S3.Speed   监测时间：2016/8/10 11:20:00   监测值：0.56-----失败


[2016/8/10 13:23:27]
站号：1   监测项：S3.Speed   监测时间：2016/8/10 11:20:00   监测值：0.56-----放弃


[2016/8/10 13:23:37]
站号：1   监测项：S3.Speed   监测时间：2016/8/10 11:20:00   监测值：0.56-----失败


[2016/8/10 13:23:37]
站号：1   监测项：S3.Speed   监测时间：2016/8/10 11:20:00   监测值：0.56-----放弃


[2016/8/10 13:23:47]
站号：1   监测项：S3.Speed   监测时间：2016/8/10 11:20:00   监测值：0.56-----失败


[2016/8/10 13:23:47]
站号：1   监测项：S3.Speed   监测时间：2016/8/10 11:20:00   监测值：0.56-----放弃


[2016/8/10 13:23:57]
站号：1   监测项：S3.1#Speed   监测时间：2016/8/10 11:20:00   监测值：0.56-----失败


[2016/8/10 13:23:57]
站号：1   监测项：S3.1#Speed   监测时间：2016/8/10 11:20:00   监测值：0.56-----失败


[2016/8/10 13:24:07]
站号：1   监测项：S3.1#Speed   监测时间：2016/8/10 11:20:00   监测值：0.56-----失败


[2016/8/10 13:24:07]
站号：1   监测项：S3.1#Speed   监测时间：2016/8/10 11:20:00   监测值：0.56-----放弃


[2016/8/10 13:24:17]
站号：1   监测项：S3.1#Speed   监测时间：2016/8/10 11:20:00   监测值：0.56-----失败


[2016/8/10 13:24:17]
站号：1   监测项：S3.1#Speed   监测时间：2016/8/10 11:20:00   监测值：0.56-----放弃


[2016/8/10 13:24:27]
站号：1   监测项：S3.1#Speed   监测时间：2016/8/10 11:20:00   监测值：0.56-----失败


[2016/8/10 13:24:27]
站号：1   监测项：S3.1#Speed   监测时间：2016/8/10 11:20:00   监测值：0.56-----放弃


[2016/8/10 13:24:37]
站号：1   监测项：S3.1#SNR   监测时间：2016/8/10 11:20:00   监测值：0.84-----失败


[2016/8/10 13:24:37]
站号：1   监测项：S3.1#SNR   监测时间：2016/8/10 11:20:00   监测值：0.84-----失败


[2016/8/10 13:24:47]
站号：1   监测项：S3.1#SNR   监测时间：2016/8/10 11:20:00   监测值：0.84-----失败


[2016/8/10 13:24:47]
站号：1   监测项：S3.1#SNR   监测时间：2016/8/10 11:20:00   监测值：0.84-----放弃


[2016/8/10 13:24:57]
站号：1   监测项：S3.1#SNR   监测时间：2016/8/10 11:20:00   监测值：0.84-----失败


[2016/8/10 13:24:57]
站号：1   监测项：S3.1#SNR   监测时间：2016/8/10 11:20:00   监测值：0.84-----放弃


[2016/8/10 13:25:07]
站号：1   监测项：S3.1#SNR   监测时间：2016/8/10 11:20:00   监测值：0.84-----失败


[2016/8/10 13:25:07]
站号：1   监测项：S3.1#SNR   监测时间：2016/8/10 11:20:00   监测值：0.84-----放弃


[2016/8/10 13:25:17]
站号：1   监测项：S3.2#Speed   监测时间：2016/8/10 11:20:00   监测值：0.78-----失败


[2016/8/10 13:25:17]
站号：1   监测项：S3.2#Speed   监测时间：2016/8/10 11:20:00   监测值：0.78-----失败
